        -:    0:Source:test.cpp
        -:    0:Graph:test.gcno
        -:    0:Data:test.gcda
        -:    0:Runs:1
        -:    1:#include <iostream>
        -:    2:
function _Z3fooi called 1 returned 100% blocks executed 100%
        1:    3:void foo(const int n)
        -:    4:{
       11:    5:    for(int i = 0; i < n; i++)
branch  0 taken 10 (fallthrough)
branch  1 taken 1
        -:    6:    {
       10:    7:        std::cout << "foo " << i << "\n";
call    0 returned 10
call    1 returned 10
call    2 returned 10
        -:    8:    }
        1:    9:}
        -:   10:
function _Z3bari called 0 returned 0% blocks executed 0%
    #####:   11:void bar(const int n)
        -:   12:{
    #####:   13:    for(int i = 0; i < n; i++)
branch  0 never executed
branch  1 never executed
        -:   14:    {
    #####:   15:        std::cout << "bar " << i << "\n";
call    0 never executed
call    1 never executed
call    2 never executed
        -:   16:    }
    #####:   17:}
        -:   18:
        -:   19:
function main called 1 returned 100% blocks executed 71%
        1:   20:int main()
        -:   21:{
        1:   22:    int a = 10;
        1:   23:    if(a > 0)
branch  0 taken 1 (fallthrough)
branch  1 taken 0
        -:   24:    {
        1:   25:        std::cout << "a is greater than or equal to 10\n";
call    0 returned 1
        1:   26:        foo(a);
call    0 returned 1
        -:   27:    }
        -:   28:    else
        -:   29:    {
    #####:   30:        std::cout << "a is less than 10\n";
call    0 never executed
    #####:   31:        bar(a);
call    0 never executed
        -:   32:    }
        -:   33:
        1:   34:    return 0;
        -:   35:}
